Arguments: 
  /usr/local/bin/node /usr/local/bin/yarn add egg-view-nunjucks

PATH: 
  /usr/local/bin:/usr/bin:/bin:/usr/sbin:/sbin

Yarn version: 
  1.3.2

Node version: 
  8.9.4

Platform: 
  darwin x64

npm manifest: 
  {
    "name": "egg1",
    "version": "1.0.0",
    "description": "",
    "main": "index.js",
    "scripts": {
      "test": "echo \"Error: no test specified\" && exit 1",
      "dev": "egg-bin dev"
    },
    "author": "",
    "license": "ISC",
    "dependencies": {
      "egg": "^2.13.0"
    },
    "devDependencies": {
      "egg-bin": "^4.9.0"
    }
  }

yarn manifest: 
  No manifest

Lockfile: 
  No lockfile

Trace: 
  Error: https://registry.yarnpkg.com/egg: ETIMEDOUT
      at Timeout._onTimeout (/usr/local/lib/node_modules/yarn/lib/cli.js:123749:19)
      at ontimeout (timers.js:475:11)
      at tryOnTimeout (timers.js:310:5)
      at Timer.listOnTimeout (timers.js:270:5)
