2018-11-08 16:21:33,976 ERROR 721 nodejs.ClusterClientNoResponseError: client no response in 76080ms exceeding maxIdleTime 60000ms, maybe the connection is close on other side.
    at Timeout.Leader._heartbeatTimer.setInterval [as _onTimeout] (/Users/beata/rrj/me/egg1/node_modules/cluster-client/lib/leader.js:74:23)
    at ontimeout (timers.js:475:11)
    at tryOnTimeout (timers.js:310:5)
    at Timer.listOnTimeout (timers.js:270:5)
name: "ClusterClientNoResponseError"
pid: 721
hostname: Beatas-MacBook-Air.local

2018-11-08 19:30:11,698 ERROR 8927 nodejs.ClusterClientNoResponseError: client no response in 4798823ms exceeding maxIdleTime 60000ms, maybe the connection is close on other side.
    at Timeout.Leader._heartbeatTimer.setInterval [as _onTimeout] (/Users/beata/rrj/me/egg1/node_modules/cluster-client/lib/leader.js:74:23)
    at ontimeout (timers.js:475:11)
    at tryOnTimeout (timers.js:310:5)
    at Timer.listOnTimeout (timers.js:270:5)
name: "ClusterClientNoResponseError"
pid: 8927
hostname: Beatas-MacBook-Air.local

2018-11-08 21:31:08,251 ERROR 8927 nodejs.ClusterClientNoResponseError: client no response in 7216538ms exceeding maxIdleTime 60000ms, maybe the connection is close on other side.
    at Timeout.Leader._heartbeatTimer.setInterval [as _onTimeout] (/Users/beata/rrj/me/egg1/node_modules/cluster-client/lib/leader.js:74:23)
    at ontimeout (timers.js:475:11)
    at tryOnTimeout (timers.js:310:5)
    at Timer.listOnTimeout (timers.js:270:5)
name: "ClusterClientNoResponseError"
pid: 8927
hostname: Beatas-MacBook-Air.local

2018-11-08 23:32:02,366 ERROR 8927 nodejs.ClusterClientNoResponseError: client no response in 7214456ms exceeding maxIdleTime 60000ms, maybe the connection is close on other side.
    at Timeout.Leader._heartbeatTimer.setInterval [as _onTimeout] (/Users/beata/rrj/me/egg1/node_modules/cluster-client/lib/leader.js:74:23)
    at ontimeout (timers.js:475:11)
    at tryOnTimeout (timers.js:310:5)
    at Timer.listOnTimeout (timers.js:270:5)
name: "ClusterClientNoResponseError"
pid: 8927
hostname: Beatas-MacBook-Air.local

2018-11-09 01:32:38,445 ERROR 8927 nodejs.ClusterClientNoResponseError: client no response in 7216066ms exceeding maxIdleTime 60000ms, maybe the connection is close on other side.
    at Timeout.Leader._heartbeatTimer.setInterval [as _onTimeout] (/Users/beata/rrj/me/egg1/node_modules/cluster-client/lib/leader.js:74:23)
    at ontimeout (timers.js:475:11)
    at tryOnTimeout (timers.js:310:5)
    at Timer.listOnTimeout (timers.js:270:5)
name: "ClusterClientNoResponseError"
pid: 8927
hostname: Beatas-MacBook-Air.local

2018-11-09 03:33:33,248 ERROR 8927 nodejs.ClusterClientNoResponseError: client no response in 7215515ms exceeding maxIdleTime 60000ms, maybe the connection is close on other side.
    at Timeout.Leader._heartbeatTimer.setInterval [as _onTimeout] (/Users/beata/rrj/me/egg1/node_modules/cluster-client/lib/leader.js:74:23)
    at ontimeout (timers.js:475:11)
    at tryOnTimeout (timers.js:310:5)
    at Timer.listOnTimeout (timers.js:270:5)
name: "ClusterClientNoResponseError"
pid: 8927
hostname: Beatas-MacBook-Air.local

2018-11-09 05:34:09,675 ERROR 8927 nodejs.ClusterClientNoResponseError: client no response in 7216417ms exceeding maxIdleTime 60000ms, maybe the connection is close on other side.
    at Timeout.Leader._heartbeatTimer.setInterval [as _onTimeout] (/Users/beata/rrj/me/egg1/node_modules/cluster-client/lib/leader.js:74:23)
    at ontimeout (timers.js:475:11)
    at tryOnTimeout (timers.js:310:5)
    at Timer.listOnTimeout (timers.js:270:5)
name: "ClusterClientNoResponseError"
pid: 8927
hostname: Beatas-MacBook-Air.local

2018-11-09 07:35:04,234 ERROR 8927 nodejs.ClusterClientNoResponseError: client no response in 7215554ms exceeding maxIdleTime 60000ms, maybe the connection is close on other side.
    at Timeout.Leader._heartbeatTimer.setInterval [as _onTimeout] (/Users/beata/rrj/me/egg1/node_modules/cluster-client/lib/leader.js:74:23)
    at ontimeout (timers.js:475:11)
    at tryOnTimeout (timers.js:310:5)
    at Timer.listOnTimeout (timers.js:270:5)
name: "ClusterClientNoResponseError"
pid: 8927
hostname: Beatas-MacBook-Air.local

2018-11-09 09:35:39,618 ERROR 8927 nodejs.ClusterClientNoResponseError: client no response in 7215374ms exceeding maxIdleTime 60000ms, maybe the connection is close on other side.
    at Timeout.Leader._heartbeatTimer.setInterval [as _onTimeout] (/Users/beata/rrj/me/egg1/node_modules/cluster-client/lib/leader.js:74:23)
    at ontimeout (timers.js:475:11)
    at tryOnTimeout (timers.js:310:5)
    at Timer.listOnTimeout (timers.js:270:5)
name: "ClusterClientNoResponseError"
pid: 8927
hostname: Beatas-MacBook-Air.local

2018-11-09 11:26:17,559 ERROR 8927 nodejs.ClusterClientNoResponseError: client no response in 6597927ms exceeding maxIdleTime 60000ms, maybe the connection is close on other side.
    at Timeout.Leader._heartbeatTimer.setInterval [as _onTimeout] (/Users/beata/rrj/me/egg1/node_modules/cluster-client/lib/leader.js:74:23)
    at ontimeout (timers.js:475:11)
    at tryOnTimeout (timers.js:310:5)
    at Timer.listOnTimeout (timers.js:270:5)
name: "ClusterClientNoResponseError"
pid: 8927
hostname: Beatas-MacBook-Air.local

2018-11-09 13:12:06,563 ERROR 14330 nodejs.ClusterClientNoResponseError: client no response in 1865201ms exceeding maxIdleTime 60000ms, maybe the connection is close on other side.
    at Timeout.Leader._heartbeatTimer.setInterval [as _onTimeout] (/Users/beata/rrj/me/egg1/node_modules/cluster-client/lib/leader.js:74:23)
    at ontimeout (timers.js:475:11)
    at tryOnTimeout (timers.js:310:5)
    at Timer.listOnTimeout (timers.js:270:5)
name: "ClusterClientNoResponseError"
pid: 14330
hostname: Beatas-MacBook-Air.local

2018-11-09 14:07:49,486 ERROR 14330 nodejs.ClusterClientNoResponseError: client no response in 3283486ms exceeding maxIdleTime 60000ms, maybe the connection is close on other side.
    at Timeout.Leader._heartbeatTimer.setInterval [as _onTimeout] (/Users/beata/rrj/me/egg1/node_modules/cluster-client/lib/leader.js:74:23)
    at ontimeout (timers.js:475:11)
    at tryOnTimeout (timers.js:310:5)
    at Timer.listOnTimeout (timers.js:270:5)
name: "ClusterClientNoResponseError"
pid: 14330
hostname: Beatas-MacBook-Air.local

