2018-11-08 15:41:53,202 INFO 87638 [egg:logger] init all loggers with options: {"dir":"/Users/beata/rrj/me/egg1/logs/egg1","encoding":"utf8","env":"local","level":"INFO","consoleLevel":"INFO","disableConsoleAfterReady":false,"outputJSON":false,"buffer":true,"appLogName":"egg1-web.log","coreLogName":"egg-web.log","agentLogName":"egg-agent.log","errorLogName":"common-error.log","coreLogger":{"consoleLevel":"WARN"},"allowDebugAtProd":false,"type":"application"}
2018-11-08 15:41:53,248 INFO 87638 [egg-schedule]: register schedule /Users/beata/rrj/me/egg1/node_modules/egg-logrotator/app/schedule/clean_log.js
2018-11-08 15:41:53,248 INFO 87638 [egg-schedule]: register schedule /Users/beata/rrj/me/egg1/node_modules/egg-logrotator/app/schedule/rotate_by_file.js
2018-11-08 15:41:53,249 INFO 87638 [egg-multipart] stream mode enable
2018-11-08 15:41:53,312 INFO 87638 [egg-static] starting static serve /public/ -> /Users/beata/rrj/me/egg1/app/public
2018-11-08 15:41:53,315 INFO 87638 [egg-security] use csrf middleware
2018-11-08 15:41:53,316 INFO 87638 [egg-security] use methodnoallow middleware
2018-11-08 15:41:53,316 INFO 87638 [egg-security] use noopen middleware
2018-11-08 15:41:53,317 INFO 87638 [egg-security] use nosniff middleware
2018-11-08 15:41:53,317 INFO 87638 [egg-security] use xssProtection middleware
2018-11-08 15:41:53,317 INFO 87638 [egg-security] use xframe middleware
2018-11-08 15:41:53,318 INFO 87638 [egg-security] use dta middleware
2018-11-08 15:41:53,318 INFO 87638 [egg-security] compose 7 middlewares into one security middleware
2018-11-08 15:41:53,327 INFO 87638 [egg:core] dump config after load, 6ms
2018-11-08 15:41:53,344 INFO 87638 [egg-watcher:application] watcher start success
2018-11-08 15:41:53,351 INFO 87638 [egg:core] dump config after ready, 5ms
2018-11-08 15:45:26,899 INFO 87893 [egg:logger] init all loggers with options: {"dir":"/Users/beata/rrj/me/egg1/logs/egg1","encoding":"utf8","env":"local","level":"INFO","consoleLevel":"INFO","disableConsoleAfterReady":false,"outputJSON":false,"buffer":true,"appLogName":"egg1-web.log","coreLogName":"egg-web.log","agentLogName":"egg-agent.log","errorLogName":"common-error.log","coreLogger":{"consoleLevel":"WARN"},"allowDebugAtProd":false,"type":"application"}
2018-11-08 15:45:26,945 INFO 87893 [egg-schedule]: register schedule /Users/beata/rrj/me/egg1/node_modules/egg-logrotator/app/schedule/clean_log.js
2018-11-08 15:45:26,945 INFO 87893 [egg-schedule]: register schedule /Users/beata/rrj/me/egg1/node_modules/egg-logrotator/app/schedule/rotate_by_file.js
2018-11-08 15:45:26,946 INFO 87893 [egg-multipart] stream mode enable
2018-11-08 15:45:27,021 INFO 87893 [egg-static] starting static serve /public/ -> /Users/beata/rrj/me/egg1/app/public
2018-11-08 15:45:27,024 INFO 87893 [egg-security] use csrf middleware
2018-11-08 15:45:27,025 INFO 87893 [egg-security] use methodnoallow middleware
2018-11-08 15:45:27,025 INFO 87893 [egg-security] use noopen middleware
2018-11-08 15:45:27,026 INFO 87893 [egg-security] use nosniff middleware
2018-11-08 15:45:27,027 INFO 87893 [egg-security] use xssProtection middleware
2018-11-08 15:45:27,027 INFO 87893 [egg-security] use xframe middleware
2018-11-08 15:45:27,028 INFO 87893 [egg-security] use dta middleware
2018-11-08 15:45:27,028 INFO 87893 [egg-security] compose 7 middlewares into one security middleware
2018-11-08 15:45:27,037 INFO 87893 [egg:core] dump config after load, 6ms
2018-11-08 15:45:27,054 INFO 87893 [egg-watcher:application] watcher start success
2018-11-08 15:45:27,062 INFO 87893 [egg:core] dump config after ready, 5ms
2018-11-08 15:47:54,491 INFO 724 [egg:logger] init all loggers with options: {"dir":"/Users/beata/rrj/me/egg1/logs/egg1","encoding":"utf8","env":"local","level":"INFO","consoleLevel":"INFO","disableConsoleAfterReady":false,"outputJSON":false,"buffer":true,"appLogName":"egg1-web.log","coreLogName":"egg-web.log","agentLogName":"egg-agent.log","errorLogName":"common-error.log","coreLogger":{"consoleLevel":"WARN"},"allowDebugAtProd":false,"type":"application"}
2018-11-08 15:47:54,549 INFO 724 [egg-schedule]: register schedule /Users/beata/rrj/me/egg1/node_modules/egg-logrotator/app/schedule/clean_log.js
2018-11-08 15:47:54,549 INFO 724 [egg-schedule]: register schedule /Users/beata/rrj/me/egg1/node_modules/egg-logrotator/app/schedule/rotate_by_file.js
2018-11-08 15:47:54,550 INFO 724 [egg-multipart] stream mode enable
2018-11-08 15:47:54,720 INFO 724 [egg-static] starting static serve /public/ -> /Users/beata/rrj/me/egg1/app/public
2018-11-08 15:47:54,723 INFO 724 [egg-security] use csrf middleware
2018-11-08 15:47:54,724 INFO 724 [egg-security] use methodnoallow middleware
2018-11-08 15:47:54,725 INFO 724 [egg-security] use noopen middleware
2018-11-08 15:47:54,725 INFO 724 [egg-security] use nosniff middleware
2018-11-08 15:47:54,726 INFO 724 [egg-security] use xssProtection middleware
2018-11-08 15:47:54,726 INFO 724 [egg-security] use xframe middleware
2018-11-08 15:47:54,728 INFO 724 [egg-security] use dta middleware
2018-11-08 15:47:54,728 INFO 724 [egg-security] compose 7 middlewares into one security middleware
2018-11-08 15:47:54,739 INFO 724 [egg:core] dump config after load, 5ms
2018-11-08 15:47:54,756 INFO 724 [egg-watcher:application] watcher start success
2018-11-08 15:47:54,763 INFO 724 [egg:core] dump config after ready, 4ms
2018-11-08 15:56:56,098 INFO 1437 [egg:logger] init all loggers with options: {"dir":"/Users/beata/rrj/me/egg1/logs/egg1","encoding":"utf8","env":"local","level":"INFO","consoleLevel":"INFO","disableConsoleAfterReady":false,"outputJSON":false,"buffer":true,"appLogName":"egg1-web.log","coreLogName":"egg-web.log","agentLogName":"egg-agent.log","errorLogName":"common-error.log","coreLogger":{"consoleLevel":"WARN"},"allowDebugAtProd":false,"type":"application"}
2018-11-08 15:56:56,153 INFO 1437 [egg-schedule]: register schedule /Users/beata/rrj/me/egg1/node_modules/egg-logrotator/app/schedule/clean_log.js
2018-11-08 15:56:56,153 INFO 1437 [egg-schedule]: register schedule /Users/beata/rrj/me/egg1/node_modules/egg-logrotator/app/schedule/rotate_by_file.js
2018-11-08 15:56:56,154 INFO 1437 [egg-multipart] stream mode enable
2018-11-08 15:56:56,224 INFO 1437 [egg-static] starting static serve /public/ -> /Users/beata/rrj/me/egg1/app/public
2018-11-08 15:56:56,229 INFO 1437 [egg-security] use csrf middleware
2018-11-08 15:56:56,230 INFO 1437 [egg-security] use methodnoallow middleware
2018-11-08 15:56:56,231 INFO 1437 [egg-security] use noopen middleware
2018-11-08 15:56:56,232 INFO 1437 [egg-security] use nosniff middleware
2018-11-08 15:56:56,233 INFO 1437 [egg-security] use xssProtection middleware
2018-11-08 15:56:56,234 INFO 1437 [egg-security] use xframe middleware
2018-11-08 15:56:56,234 INFO 1437 [egg-security] use dta middleware
2018-11-08 15:56:56,234 INFO 1437 [egg-security] compose 7 middlewares into one security middleware
2018-11-08 15:56:56,246 INFO 1437 [egg:core] dump config after load, 7ms
2018-11-08 15:56:56,265 INFO 1437 [egg-watcher:application] watcher start success
2018-11-08 15:56:56,273 INFO 1437 [egg:core] dump config after ready, 5ms
2018-11-08 15:56:57,319 INFO 1441 [egg:logger] init all loggers with options: {"dir":"/Users/beata/rrj/me/egg1/logs/egg1","encoding":"utf8","env":"local","level":"INFO","consoleLevel":"INFO","disableConsoleAfterReady":false,"outputJSON":false,"buffer":true,"appLogName":"egg1-web.log","coreLogName":"egg-web.log","agentLogName":"egg-agent.log","errorLogName":"common-error.log","coreLogger":{"consoleLevel":"WARN"},"allowDebugAtProd":false,"type":"application"}
2018-11-08 15:56:57,382 INFO 1441 [egg-schedule]: register schedule /Users/beata/rrj/me/egg1/node_modules/egg-logrotator/app/schedule/clean_log.js
2018-11-08 15:56:57,382 INFO 1441 [egg-schedule]: register schedule /Users/beata/rrj/me/egg1/node_modules/egg-logrotator/app/schedule/rotate_by_file.js
2018-11-08 15:56:57,383 INFO 1441 [egg-multipart] stream mode enable
2018-11-08 15:56:57,464 INFO 1441 [egg-static] starting static serve /public/ -> /Users/beata/rrj/me/egg1/app/public
2018-11-08 15:56:57,467 INFO 1441 [egg-security] use csrf middleware
2018-11-08 15:56:57,468 INFO 1441 [egg-security] use methodnoallow middleware
2018-11-08 15:56:57,469 INFO 1441 [egg-security] use noopen middleware
2018-11-08 15:56:57,469 INFO 1441 [egg-security] use nosniff middleware
2018-11-08 15:56:57,470 INFO 1441 [egg-security] use xssProtection middleware
2018-11-08 15:56:57,471 INFO 1441 [egg-security] use xframe middleware
2018-11-08 15:56:57,471 INFO 1441 [egg-security] use dta middleware
2018-11-08 15:56:57,471 INFO 1441 [egg-security] compose 7 middlewares into one security middleware
2018-11-08 15:56:57,487 INFO 1441 [egg:core] dump config after load, 7ms
2018-11-08 15:56:57,504 INFO 1441 [egg-watcher:application] watcher start success
2018-11-08 15:56:57,513 INFO 1441 [egg:core] dump config after ready, 6ms
2018-11-08 16:21:33,975 WARN 1441 [ClusterClient:Watcher] follower closed, and try to init it again
2018-11-08 16:34:04,866 INFO 4339 [egg:logger] init all loggers with options: {"dir":"/Users/beata/rrj/me/egg1/logs/egg1","encoding":"utf8","env":"local","level":"INFO","consoleLevel":"INFO","disableConsoleAfterReady":false,"outputJSON":false,"buffer":true,"appLogName":"egg1-web.log","coreLogName":"egg-web.log","agentLogName":"egg-agent.log","errorLogName":"common-error.log","coreLogger":{"consoleLevel":"WARN"},"allowDebugAtProd":false,"type":"application"}
2018-11-08 16:34:04,912 INFO 4339 [egg-schedule]: register schedule /Users/beata/rrj/me/egg1/node_modules/egg-logrotator/app/schedule/clean_log.js
2018-11-08 16:34:04,912 INFO 4339 [egg-schedule]: register schedule /Users/beata/rrj/me/egg1/node_modules/egg-logrotator/app/schedule/rotate_by_file.js
2018-11-08 16:34:04,913 INFO 4339 [egg-multipart] stream mode enable
2018-11-08 16:34:04,977 INFO 4339 [egg-static] starting static serve /public/ -> /Users/beata/rrj/me/egg1/app/public
2018-11-08 16:34:04,982 INFO 4339 [egg-security] use csrf middleware
2018-11-08 16:34:04,984 INFO 4339 [egg-security] use methodnoallow middleware
2018-11-08 16:34:04,984 INFO 4339 [egg-security] use noopen middleware
2018-11-08 16:34:04,985 INFO 4339 [egg-security] use nosniff middleware
2018-11-08 16:34:04,985 INFO 4339 [egg-security] use xssProtection middleware
2018-11-08 16:34:04,985 INFO 4339 [egg-security] use xframe middleware
2018-11-08 16:34:04,986 INFO 4339 [egg-security] use dta middleware
2018-11-08 16:34:04,986 INFO 4339 [egg-security] compose 7 middlewares into one security middleware
2018-11-08 16:34:04,995 INFO 4339 [egg:core] dump config after load, 6ms
2018-11-08 16:34:05,009 INFO 4339 [egg-watcher:application] watcher start success
2018-11-08 16:34:05,016 INFO 4339 [egg:core] dump config after ready, 5ms
2018-11-08 16:35:23,182 INFO 4453 [egg:logger] init all loggers with options: {"dir":"/Users/beata/rrj/me/egg1/logs/egg1","encoding":"utf8","env":"local","level":"INFO","consoleLevel":"INFO","disableConsoleAfterReady":false,"outputJSON":false,"buffer":true,"appLogName":"egg1-web.log","coreLogName":"egg-web.log","agentLogName":"egg-agent.log","errorLogName":"common-error.log","coreLogger":{"consoleLevel":"WARN"},"allowDebugAtProd":false,"type":"application"}
2018-11-08 16:35:23,234 INFO 4453 [egg-schedule]: register schedule /Users/beata/rrj/me/egg1/node_modules/egg-logrotator/app/schedule/clean_log.js
2018-11-08 16:35:23,234 INFO 4453 [egg-schedule]: register schedule /Users/beata/rrj/me/egg1/node_modules/egg-logrotator/app/schedule/rotate_by_file.js
2018-11-08 16:35:23,234 INFO 4453 [egg-multipart] stream mode enable
2018-11-08 16:35:23,299 INFO 4453 [egg-static] starting static serve /public/ -> /Users/beata/rrj/me/egg1/app/public
2018-11-08 16:35:23,302 INFO 4453 [egg-security] use csrf middleware
2018-11-08 16:35:23,303 INFO 4453 [egg-security] use methodnoallow middleware
2018-11-08 16:35:23,303 INFO 4453 [egg-security] use noopen middleware
2018-11-08 16:35:23,304 INFO 4453 [egg-security] use nosniff middleware
2018-11-08 16:35:23,304 INFO 4453 [egg-security] use xssProtection middleware
2018-11-08 16:35:23,305 INFO 4453 [egg-security] use xframe middleware
2018-11-08 16:35:23,305 INFO 4453 [egg-security] use dta middleware
2018-11-08 16:35:23,305 INFO 4453 [egg-security] compose 7 middlewares into one security middleware
2018-11-08 16:35:23,315 INFO 4453 [egg:core] dump config after load, 5ms
2018-11-08 16:35:23,329 INFO 4453 [egg-watcher:application] watcher start success
2018-11-08 16:35:23,336 INFO 4453 [egg:core] dump config after ready, 5ms
2018-11-08 16:39:05,007 INFO 4743 [egg:logger] init all loggers with options: {"dir":"/Users/beata/rrj/me/egg1/logs/egg1","encoding":"utf8","env":"local","level":"INFO","consoleLevel":"INFO","disableConsoleAfterReady":false,"outputJSON":false,"buffer":true,"appLogName":"egg1-web.log","coreLogName":"egg-web.log","agentLogName":"egg-agent.log","errorLogName":"common-error.log","coreLogger":{"consoleLevel":"WARN"},"allowDebugAtProd":false,"type":"application"}
2018-11-08 16:39:05,050 INFO 4743 [egg-schedule]: register schedule /Users/beata/rrj/me/egg1/node_modules/egg-logrotator/app/schedule/clean_log.js
2018-11-08 16:39:05,050 INFO 4743 [egg-schedule]: register schedule /Users/beata/rrj/me/egg1/node_modules/egg-logrotator/app/schedule/rotate_by_file.js
2018-11-08 16:39:05,050 INFO 4743 [egg-multipart] stream mode enable
2018-11-08 16:39:05,112 INFO 4743 [egg-static] starting static serve /public/ -> /Users/beata/rrj/me/egg1/app/public
2018-11-08 16:39:05,115 INFO 4743 [egg-security] use csrf middleware
2018-11-08 16:39:05,116 INFO 4743 [egg-security] use methodnoallow middleware
2018-11-08 16:39:05,116 INFO 4743 [egg-security] use noopen middleware
2018-11-08 16:39:05,117 INFO 4743 [egg-security] use nosniff middleware
2018-11-08 16:39:05,117 INFO 4743 [egg-security] use xssProtection middleware
2018-11-08 16:39:05,117 INFO 4743 [egg-security] use xframe middleware
2018-11-08 16:39:05,118 INFO 4743 [egg-security] use dta middleware
2018-11-08 16:39:05,118 INFO 4743 [egg-security] compose 7 middlewares into one security middleware
2018-11-08 16:39:05,129 INFO 4743 [egg:core] dump config after load, 6ms
2018-11-08 16:39:05,143 INFO 4743 [egg-watcher:application] watcher start success
2018-11-08 16:39:05,149 INFO 4743 [egg:core] dump config after ready, 4ms
2018-11-08 16:39:30,345 INFO 4779 [egg:logger] init all loggers with options: {"dir":"/Users/beata/rrj/me/egg1/logs/egg1","encoding":"utf8","env":"local","level":"INFO","consoleLevel":"INFO","disableConsoleAfterReady":false,"outputJSON":false,"buffer":true,"appLogName":"egg1-web.log","coreLogName":"egg-web.log","agentLogName":"egg-agent.log","errorLogName":"common-error.log","coreLogger":{"consoleLevel":"WARN"},"allowDebugAtProd":false,"type":"application"}
2018-11-08 16:39:30,414 INFO 4779 [egg-schedule]: register schedule /Users/beata/rrj/me/egg1/node_modules/egg-logrotator/app/schedule/clean_log.js
2018-11-08 16:39:30,414 INFO 4779 [egg-schedule]: register schedule /Users/beata/rrj/me/egg1/node_modules/egg-logrotator/app/schedule/rotate_by_file.js
2018-11-08 16:39:30,415 INFO 4779 [egg-multipart] stream mode enable
2018-11-08 16:39:30,515 INFO 4779 [egg-static] starting static serve /public/ -> /Users/beata/rrj/me/egg1/app/public
2018-11-08 16:39:30,519 INFO 4779 [egg-security] use csrf middleware
2018-11-08 16:39:30,520 INFO 4779 [egg-security] use methodnoallow middleware
2018-11-08 16:39:30,521 INFO 4779 [egg-security] use noopen middleware
2018-11-08 16:39:30,522 INFO 4779 [egg-security] use nosniff middleware
2018-11-08 16:39:30,523 INFO 4779 [egg-security] use xssProtection middleware
2018-11-08 16:39:30,524 INFO 4779 [egg-security] use xframe middleware
2018-11-08 16:39:30,525 INFO 4779 [egg-security] use dta middleware
2018-11-08 16:39:30,525 INFO 4779 [egg-security] compose 7 middlewares into one security middleware
2018-11-08 16:39:30,540 INFO 4779 [egg:core] dump config after load, 8ms
2018-11-08 16:39:30,560 INFO 4779 [egg-watcher:application] watcher start success
2018-11-08 16:39:30,571 INFO 4779 [egg:core] dump config after ready, 6ms
2018-11-08 16:41:57,872 INFO 4973 [egg:logger] init all loggers with options: {"dir":"/Users/beata/rrj/me/egg1/logs/egg1","encoding":"utf8","env":"local","level":"INFO","consoleLevel":"INFO","disableConsoleAfterReady":false,"outputJSON":false,"buffer":true,"appLogName":"egg1-web.log","coreLogName":"egg-web.log","agentLogName":"egg-agent.log","errorLogName":"common-error.log","coreLogger":{"consoleLevel":"WARN"},"allowDebugAtProd":false,"type":"application"}
2018-11-08 16:41:57,911 INFO 4973 [egg-schedule]: register schedule /Users/beata/rrj/me/egg1/node_modules/egg-logrotator/app/schedule/clean_log.js
2018-11-08 16:41:57,911 INFO 4973 [egg-schedule]: register schedule /Users/beata/rrj/me/egg1/node_modules/egg-logrotator/app/schedule/rotate_by_file.js
2018-11-08 16:41:57,912 INFO 4973 [egg-multipart] stream mode enable
2018-11-08 16:41:57,974 INFO 4973 [egg-static] starting static serve /public/ -> /Users/beata/rrj/me/egg1/app/public
2018-11-08 16:41:57,977 INFO 4973 [egg-security] use csrf middleware
2018-11-08 16:41:57,978 INFO 4973 [egg-security] use methodnoallow middleware
2018-11-08 16:41:57,978 INFO 4973 [egg-security] use noopen middleware
2018-11-08 16:41:57,979 INFO 4973 [egg-security] use nosniff middleware
2018-11-08 16:41:57,980 INFO 4973 [egg-security] use xssProtection middleware
2018-11-08 16:41:57,980 INFO 4973 [egg-security] use xframe middleware
2018-11-08 16:41:57,980 INFO 4973 [egg-security] use dta middleware
2018-11-08 16:41:57,980 INFO 4973 [egg-security] compose 7 middlewares into one security middleware
2018-11-08 16:41:57,991 INFO 4973 [egg:core] dump config after load, 6ms
2018-11-08 16:41:58,005 INFO 4973 [egg-watcher:application] watcher start success
2018-11-08 16:41:58,012 INFO 4973 [egg:core] dump config after ready, 5ms
2018-11-08 16:42:00,681 INFO 4977 [egg:logger] init all loggers with options: {"dir":"/Users/beata/rrj/me/egg1/logs/egg1","encoding":"utf8","env":"local","level":"INFO","consoleLevel":"INFO","disableConsoleAfterReady":false,"outputJSON":false,"buffer":true,"appLogName":"egg1-web.log","coreLogName":"egg-web.log","agentLogName":"egg-agent.log","errorLogName":"common-error.log","coreLogger":{"consoleLevel":"WARN"},"allowDebugAtProd":false,"type":"application"}
2018-11-08 16:42:00,724 INFO 4977 [egg-schedule]: register schedule /Users/beata/rrj/me/egg1/node_modules/egg-logrotator/app/schedule/clean_log.js
2018-11-08 16:42:00,724 INFO 4977 [egg-schedule]: register schedule /Users/beata/rrj/me/egg1/node_modules/egg-logrotator/app/schedule/rotate_by_file.js
2018-11-08 16:42:00,725 INFO 4977 [egg-multipart] stream mode enable
2018-11-08 16:42:00,791 INFO 4977 [egg-static] starting static serve /public/ -> /Users/beata/rrj/me/egg1/app/public
2018-11-08 16:42:00,793 INFO 4977 [egg-security] use csrf middleware
2018-11-08 16:42:00,795 INFO 4977 [egg-security] use methodnoallow middleware
2018-11-08 16:42:00,796 INFO 4977 [egg-security] use noopen middleware
2018-11-08 16:42:00,797 INFO 4977 [egg-security] use nosniff middleware
2018-11-08 16:42:00,797 INFO 4977 [egg-security] use xssProtection middleware
2018-11-08 16:42:00,798 INFO 4977 [egg-security] use xframe middleware
2018-11-08 16:42:00,798 INFO 4977 [egg-security] use dta middleware
2018-11-08 16:42:00,798 INFO 4977 [egg-security] compose 7 middlewares into one security middleware
2018-11-08 16:42:00,808 INFO 4977 [egg:core] dump config after load, 6ms
2018-11-08 16:42:00,822 INFO 4977 [egg-watcher:application] watcher start success
2018-11-08 16:42:00,830 INFO 4977 [egg:core] dump config after ready, 5ms
2018-11-08 16:42:30,047 INFO 5015 [egg:logger] init all loggers with options: {"dir":"/Users/beata/rrj/me/egg1/logs/egg1","encoding":"utf8","env":"local","level":"INFO","consoleLevel":"INFO","disableConsoleAfterReady":false,"outputJSON":false,"buffer":true,"appLogName":"egg1-web.log","coreLogName":"egg-web.log","agentLogName":"egg-agent.log","errorLogName":"common-error.log","coreLogger":{"consoleLevel":"WARN"},"allowDebugAtProd":false,"type":"application"}
2018-11-08 16:42:30,091 INFO 5015 [egg-schedule]: register schedule /Users/beata/rrj/me/egg1/node_modules/egg-logrotator/app/schedule/clean_log.js
2018-11-08 16:42:30,091 INFO 5015 [egg-schedule]: register schedule /Users/beata/rrj/me/egg1/node_modules/egg-logrotator/app/schedule/rotate_by_file.js
2018-11-08 16:42:30,092 INFO 5015 [egg-multipart] stream mode enable
2018-11-08 16:42:30,147 INFO 5015 [egg-static] starting static serve /public/ -> /Users/beata/rrj/me/egg1/app/public
2018-11-08 16:42:30,150 INFO 5015 [egg-security] use csrf middleware
2018-11-08 16:42:30,150 INFO 5015 [egg-security] use methodnoallow middleware
2018-11-08 16:42:30,151 INFO 5015 [egg-security] use noopen middleware
2018-11-08 16:42:30,151 INFO 5015 [egg-security] use nosniff middleware
2018-11-08 16:42:30,152 INFO 5015 [egg-security] use xssProtection middleware
2018-11-08 16:42:30,152 INFO 5015 [egg-security] use xframe middleware
2018-11-08 16:42:30,153 INFO 5015 [egg-security] use dta middleware
2018-11-08 16:42:30,153 INFO 5015 [egg-security] compose 7 middlewares into one security middleware
2018-11-08 16:42:30,162 INFO 5015 [egg:core] dump config after load, 5ms
2018-11-08 16:42:30,174 INFO 5015 [egg-watcher:application] watcher start success
2018-11-08 16:42:30,180 INFO 5015 [egg:core] dump config after ready, 4ms
2018-11-08 16:50:42,014 INFO 5640 [egg:logger] init all loggers with options: {"dir":"/Users/beata/rrj/me/egg1/logs/egg1","encoding":"utf8","env":"local","level":"INFO","consoleLevel":"INFO","disableConsoleAfterReady":false,"outputJSON":false,"buffer":true,"appLogName":"egg1-web.log","coreLogName":"egg-web.log","agentLogName":"egg-agent.log","errorLogName":"common-error.log","coreLogger":{"consoleLevel":"WARN"},"allowDebugAtProd":false,"type":"application"}
2018-11-08 16:50:42,055 INFO 5640 [egg-schedule]: register schedule /Users/beata/rrj/me/egg1/node_modules/egg-logrotator/app/schedule/clean_log.js
2018-11-08 16:50:42,055 INFO 5640 [egg-schedule]: register schedule /Users/beata/rrj/me/egg1/node_modules/egg-logrotator/app/schedule/rotate_by_file.js
2018-11-08 16:50:42,055 INFO 5640 [egg-multipart] stream mode enable
2018-11-08 16:50:42,162 INFO 5640 [egg-static] starting static serve /public/ -> /Users/beata/rrj/me/egg1/app/public
2018-11-08 16:50:42,167 INFO 5640 [egg-security] use csrf middleware
2018-11-08 16:50:42,167 INFO 5640 [egg-security] use methodnoallow middleware
2018-11-08 16:50:42,168 INFO 5640 [egg-security] use noopen middleware
2018-11-08 16:50:42,168 INFO 5640 [egg-security] use nosniff middleware
2018-11-08 16:50:42,169 INFO 5640 [egg-security] use xssProtection middleware
2018-11-08 16:50:42,169 INFO 5640 [egg-security] use xframe middleware
2018-11-08 16:50:42,170 INFO 5640 [egg-security] use dta middleware
2018-11-08 16:50:42,170 INFO 5640 [egg-security] compose 7 middlewares into one security middleware
2018-11-08 16:50:42,181 INFO 5640 [egg:core] dump config after load, 6ms
2018-11-08 16:50:42,195 INFO 5640 [egg-watcher:application] watcher start success
2018-11-08 16:50:42,203 INFO 5640 [egg:core] dump config after ready, 5ms
2018-11-08 17:02:53,866 INFO 6600 [egg:logger] init all loggers with options: {"dir":"/Users/beata/rrj/me/egg1/logs/egg1","encoding":"utf8","env":"local","level":"INFO","consoleLevel":"INFO","disableConsoleAfterReady":false,"outputJSON":false,"buffer":true,"appLogName":"egg1-web.log","coreLogName":"egg-web.log","agentLogName":"egg-agent.log","errorLogName":"common-error.log","coreLogger":{"consoleLevel":"WARN"},"allowDebugAtProd":false,"type":"application"}
2018-11-08 17:02:53,909 INFO 6600 [egg-schedule]: register schedule /Users/beata/rrj/me/egg1/node_modules/egg-logrotator/app/schedule/clean_log.js
2018-11-08 17:02:53,909 INFO 6600 [egg-schedule]: register schedule /Users/beata/rrj/me/egg1/node_modules/egg-logrotator/app/schedule/rotate_by_file.js
2018-11-08 17:02:53,910 INFO 6600 [egg-multipart] stream mode enable
2018-11-08 17:02:53,965 INFO 6600 [egg-static] starting static serve /public/ -> /Users/beata/rrj/me/egg1/app/public
2018-11-08 17:02:53,967 INFO 6600 [egg-security] use csrf middleware
2018-11-08 17:02:53,968 INFO 6600 [egg-security] use methodnoallow middleware
2018-11-08 17:02:53,968 INFO 6600 [egg-security] use noopen middleware
2018-11-08 17:02:53,969 INFO 6600 [egg-security] use nosniff middleware
2018-11-08 17:02:53,969 INFO 6600 [egg-security] use xssProtection middleware
2018-11-08 17:02:53,970 INFO 6600 [egg-security] use xframe middleware
2018-11-08 17:02:53,970 INFO 6600 [egg-security] use dta middleware
2018-11-08 17:02:53,970 INFO 6600 [egg-security] compose 7 middlewares into one security middleware
2018-11-08 17:02:53,980 INFO 6600 [egg:core] dump config after load, 6ms
2018-11-08 17:02:53,992 INFO 6600 [egg-watcher:application] watcher start success
2018-11-08 17:02:53,999 INFO 6600 [egg:core] dump config after ready, 4ms
2018-11-08 17:03:21,145 INFO 6635 [egg:logger] init all loggers with options: {"dir":"/Users/beata/rrj/me/egg1/logs/egg1","encoding":"utf8","env":"local","level":"INFO","consoleLevel":"INFO","disableConsoleAfterReady":false,"outputJSON":false,"buffer":true,"appLogName":"egg1-web.log","coreLogName":"egg-web.log","agentLogName":"egg-agent.log","errorLogName":"common-error.log","coreLogger":{"consoleLevel":"WARN"},"allowDebugAtProd":false,"type":"application"}
2018-11-08 17:03:21,189 INFO 6635 [egg-schedule]: register schedule /Users/beata/rrj/me/egg1/node_modules/egg-logrotator/app/schedule/clean_log.js
2018-11-08 17:03:21,189 INFO 6635 [egg-schedule]: register schedule /Users/beata/rrj/me/egg1/node_modules/egg-logrotator/app/schedule/rotate_by_file.js
2018-11-08 17:03:21,190 INFO 6635 [egg-multipart] stream mode enable
2018-11-08 17:03:21,250 INFO 6635 [egg-static] starting static serve /public/ -> /Users/beata/rrj/me/egg1/app/public
2018-11-08 17:03:21,253 INFO 6635 [egg-security] use csrf middleware
2018-11-08 17:03:21,254 INFO 6635 [egg-security] use methodnoallow middleware
2018-11-08 17:03:21,254 INFO 6635 [egg-security] use noopen middleware
2018-11-08 17:03:21,255 INFO 6635 [egg-security] use nosniff middleware
2018-11-08 17:03:21,255 INFO 6635 [egg-security] use xssProtection middleware
2018-11-08 17:03:21,255 INFO 6635 [egg-security] use xframe middleware
2018-11-08 17:03:21,256 INFO 6635 [egg-security] use dta middleware
2018-11-08 17:03:21,256 INFO 6635 [egg-security] compose 7 middlewares into one security middleware
2018-11-08 17:03:21,266 INFO 6635 [egg:core] dump config after load, 6ms
2018-11-08 17:03:21,280 INFO 6635 [egg-watcher:application] watcher start success
2018-11-08 17:03:21,290 INFO 6635 [egg:core] dump config after ready, 6ms
2018-11-08 17:03:40,120 INFO 6661 [egg:logger] init all loggers with options: {"dir":"/Users/beata/rrj/me/egg1/logs/egg1","encoding":"utf8","env":"local","level":"INFO","consoleLevel":"INFO","disableConsoleAfterReady":false,"outputJSON":false,"buffer":true,"appLogName":"egg1-web.log","coreLogName":"egg-web.log","agentLogName":"egg-agent.log","errorLogName":"common-error.log","coreLogger":{"consoleLevel":"WARN"},"allowDebugAtProd":false,"type":"application"}
2018-11-08 17:03:40,158 INFO 6661 [egg-schedule]: register schedule /Users/beata/rrj/me/egg1/node_modules/egg-logrotator/app/schedule/clean_log.js
2018-11-08 17:03:40,158 INFO 6661 [egg-schedule]: register schedule /Users/beata/rrj/me/egg1/node_modules/egg-logrotator/app/schedule/rotate_by_file.js
2018-11-08 17:03:40,158 INFO 6661 [egg-multipart] stream mode enable
2018-11-08 17:03:40,216 INFO 6661 [egg-static] starting static serve /public/ -> /Users/beata/rrj/me/egg1/app/public
2018-11-08 17:03:40,219 INFO 6661 [egg-security] use csrf middleware
2018-11-08 17:03:40,219 INFO 6661 [egg-security] use methodnoallow middleware
2018-11-08 17:03:40,220 INFO 6661 [egg-security] use noopen middleware
2018-11-08 17:03:40,220 INFO 6661 [egg-security] use nosniff middleware
2018-11-08 17:03:40,221 INFO 6661 [egg-security] use xssProtection middleware
2018-11-08 17:03:40,221 INFO 6661 [egg-security] use xframe middleware
2018-11-08 17:03:40,221 INFO 6661 [egg-security] use dta middleware
2018-11-08 17:03:40,221 INFO 6661 [egg-security] compose 7 middlewares into one security middleware
2018-11-08 17:03:40,232 INFO 6661 [egg:core] dump config after load, 6ms
2018-11-08 17:03:40,245 INFO 6661 [egg-watcher:application] watcher start success
2018-11-08 17:03:40,251 INFO 6661 [egg:core] dump config after ready, 4ms
2018-11-08 17:31:26,036 INFO 8929 [egg:logger] init all loggers with options: {"dir":"/Users/beata/rrj/me/egg1/logs/egg1","encoding":"utf8","env":"local","level":"INFO","consoleLevel":"INFO","disableConsoleAfterReady":false,"outputJSON":false,"buffer":true,"appLogName":"egg1-web.log","coreLogName":"egg-web.log","agentLogName":"egg-agent.log","errorLogName":"common-error.log","coreLogger":{"consoleLevel":"WARN"},"allowDebugAtProd":false,"type":"application"}
2018-11-08 17:31:26,076 INFO 8929 [egg-schedule]: register schedule /Users/beata/rrj/me/egg1/node_modules/egg-logrotator/app/schedule/clean_log.js
2018-11-08 17:31:26,076 INFO 8929 [egg-schedule]: register schedule /Users/beata/rrj/me/egg1/node_modules/egg-logrotator/app/schedule/rotate_by_file.js
2018-11-08 17:31:26,077 INFO 8929 [egg-multipart] stream mode enable
2018-11-08 17:31:26,124 INFO 8929 [egg-static] starting static serve /public/ -> /Users/beata/rrj/me/egg1/app/public
2018-11-08 17:31:26,127 INFO 8929 [egg-security] use csrf middleware
2018-11-08 17:31:26,128 INFO 8929 [egg-security] use methodnoallow middleware
2018-11-08 17:31:26,128 INFO 8929 [egg-security] use noopen middleware
2018-11-08 17:31:26,129 INFO 8929 [egg-security] use nosniff middleware
2018-11-08 17:31:26,129 INFO 8929 [egg-security] use xssProtection middleware
2018-11-08 17:31:26,129 INFO 8929 [egg-security] use xframe middleware
2018-11-08 17:31:26,129 INFO 8929 [egg-security] use dta middleware
2018-11-08 17:31:26,129 INFO 8929 [egg-security] compose 7 middlewares into one security middleware
2018-11-08 17:31:26,139 INFO 8929 [egg:core] dump config after load, 5ms
2018-11-08 17:31:26,156 INFO 8929 [egg-watcher:application] watcher start success
2018-11-08 17:31:26,162 INFO 8929 [egg:core] dump config after ready, 4ms
2018-11-08 17:31:39,674 INFO 8929 [egg-view-nunjucks] loading templates from ["/Users/beata/rrj/me/egg1/app/view"]
2018-11-08 17:33:34,618 INFO 9093 [egg:logger] init all loggers with options: {"dir":"/Users/beata/rrj/me/egg1/logs/egg1","encoding":"utf8","env":"local","level":"INFO","consoleLevel":"INFO","disableConsoleAfterReady":false,"outputJSON":false,"buffer":true,"appLogName":"egg1-web.log","coreLogName":"egg-web.log","agentLogName":"egg-agent.log","errorLogName":"common-error.log","coreLogger":{"consoleLevel":"WARN"},"allowDebugAtProd":false,"type":"application"}
2018-11-08 17:33:34,656 INFO 9093 [egg-schedule]: register schedule /Users/beata/rrj/me/egg1/node_modules/egg-logrotator/app/schedule/clean_log.js
2018-11-08 17:33:34,656 INFO 9093 [egg-schedule]: register schedule /Users/beata/rrj/me/egg1/node_modules/egg-logrotator/app/schedule/rotate_by_file.js
2018-11-08 17:33:34,657 INFO 9093 [egg-multipart] stream mode enable
2018-11-08 17:33:34,713 INFO 9093 [egg-static] starting static serve /public/ -> /Users/beata/rrj/me/egg1/app/public
2018-11-08 17:33:34,716 INFO 9093 [egg-security] use csrf middleware
2018-11-08 17:33:34,717 INFO 9093 [egg-security] use methodnoallow middleware
2018-11-08 17:33:34,717 INFO 9093 [egg-security] use noopen middleware
2018-11-08 17:33:34,718 INFO 9093 [egg-security] use nosniff middleware
2018-11-08 17:33:34,718 INFO 9093 [egg-security] use xssProtection middleware
2018-11-08 17:33:34,718 INFO 9093 [egg-security] use xframe middleware
2018-11-08 17:33:34,719 INFO 9093 [egg-security] use dta middleware
2018-11-08 17:33:34,719 INFO 9093 [egg-security] compose 7 middlewares into one security middleware
2018-11-08 17:33:34,728 INFO 9093 [egg:core] dump config after load, 5ms
2018-11-08 17:33:34,741 INFO 9093 [egg-watcher:application] watcher start success
2018-11-08 17:33:34,747 INFO 9093 [egg:core] dump config after ready, 3ms
2018-11-08 17:42:27,690 INFO 9779 [egg:logger] init all loggers with options: {"dir":"/Users/beata/rrj/me/egg1/logs/egg1","encoding":"utf8","env":"local","level":"INFO","consoleLevel":"INFO","disableConsoleAfterReady":false,"outputJSON":false,"buffer":true,"appLogName":"egg1-web.log","coreLogName":"egg-web.log","agentLogName":"egg-agent.log","errorLogName":"common-error.log","coreLogger":{"consoleLevel":"WARN"},"allowDebugAtProd":false,"type":"application"}
2018-11-08 17:42:27,731 INFO 9779 [egg-schedule]: register schedule /Users/beata/rrj/me/egg1/node_modules/egg-logrotator/app/schedule/clean_log.js
2018-11-08 17:42:27,731 INFO 9779 [egg-schedule]: register schedule /Users/beata/rrj/me/egg1/node_modules/egg-logrotator/app/schedule/rotate_by_file.js
2018-11-08 17:42:27,732 INFO 9779 [egg-multipart] stream mode enable
2018-11-08 17:42:27,786 INFO 9779 [egg-static] starting static serve /public/ -> /Users/beata/rrj/me/egg1/app/public
2018-11-08 17:42:27,789 INFO 9779 [egg-security] use csrf middleware
2018-11-08 17:42:27,789 INFO 9779 [egg-security] use methodnoallow middleware
2018-11-08 17:42:27,790 INFO 9779 [egg-security] use noopen middleware
2018-11-08 17:42:27,790 INFO 9779 [egg-security] use nosniff middleware
2018-11-08 17:42:27,791 INFO 9779 [egg-security] use xssProtection middleware
2018-11-08 17:42:27,791 INFO 9779 [egg-security] use xframe middleware
2018-11-08 17:42:27,791 INFO 9779 [egg-security] use dta middleware
2018-11-08 17:42:27,791 INFO 9779 [egg-security] compose 7 middlewares into one security middleware
2018-11-08 17:42:27,802 INFO 9779 [egg:core] dump config after load, 6ms
2018-11-08 17:42:27,816 INFO 9779 [egg-watcher:application] watcher start success
2018-11-08 17:42:27,822 INFO 9779 [egg:core] dump config after ready, 4ms
2018-11-08 17:42:30,107 INFO 9783 [egg:logger] init all loggers with options: {"dir":"/Users/beata/rrj/me/egg1/logs/egg1","encoding":"utf8","env":"local","level":"INFO","consoleLevel":"INFO","disableConsoleAfterReady":false,"outputJSON":false,"buffer":true,"appLogName":"egg1-web.log","coreLogName":"egg-web.log","agentLogName":"egg-agent.log","errorLogName":"common-error.log","coreLogger":{"consoleLevel":"WARN"},"allowDebugAtProd":false,"type":"application"}
2018-11-08 17:42:30,154 INFO 9783 [egg-schedule]: register schedule /Users/beata/rrj/me/egg1/node_modules/egg-logrotator/app/schedule/clean_log.js
2018-11-08 17:42:30,154 INFO 9783 [egg-schedule]: register schedule /Users/beata/rrj/me/egg1/node_modules/egg-logrotator/app/schedule/rotate_by_file.js
2018-11-08 17:42:30,154 INFO 9783 [egg-multipart] stream mode enable
2018-11-08 17:42:30,214 INFO 9783 [egg-static] starting static serve /public/ -> /Users/beata/rrj/me/egg1/app/public
2018-11-08 17:42:30,217 INFO 9783 [egg-security] use csrf middleware
2018-11-08 17:42:30,218 INFO 9783 [egg-security] use methodnoallow middleware
2018-11-08 17:42:30,219 INFO 9783 [egg-security] use noopen middleware
2018-11-08 17:42:30,219 INFO 9783 [egg-security] use nosniff middleware
2018-11-08 17:42:30,220 INFO 9783 [egg-security] use xssProtection middleware
2018-11-08 17:42:30,220 INFO 9783 [egg-security] use xframe middleware
2018-11-08 17:42:30,220 INFO 9783 [egg-security] use dta middleware
2018-11-08 17:42:30,220 INFO 9783 [egg-security] compose 7 middlewares into one security middleware
2018-11-08 17:42:30,231 INFO 9783 [egg:core] dump config after load, 5ms
2018-11-08 17:42:30,244 INFO 9783 [egg-watcher:application] watcher start success
2018-11-08 17:42:30,250 INFO 9783 [egg:core] dump config after ready, 3ms
2018-11-08 17:42:46,534 INFO 9804 [egg:logger] init all loggers with options: {"dir":"/Users/beata/rrj/me/egg1/logs/egg1","encoding":"utf8","env":"local","level":"INFO","consoleLevel":"INFO","disableConsoleAfterReady":false,"outputJSON":false,"buffer":true,"appLogName":"egg1-web.log","coreLogName":"egg-web.log","agentLogName":"egg-agent.log","errorLogName":"common-error.log","coreLogger":{"consoleLevel":"WARN"},"allowDebugAtProd":false,"type":"application"}
2018-11-08 17:42:46,580 INFO 9804 [egg-schedule]: register schedule /Users/beata/rrj/me/egg1/node_modules/egg-logrotator/app/schedule/clean_log.js
2018-11-08 17:42:46,580 INFO 9804 [egg-schedule]: register schedule /Users/beata/rrj/me/egg1/node_modules/egg-logrotator/app/schedule/rotate_by_file.js
2018-11-08 17:42:46,581 INFO 9804 [egg-multipart] stream mode enable
2018-11-08 17:42:46,633 INFO 9804 [egg-static] starting static serve /public/ -> /Users/beata/rrj/me/egg1/app/public
2018-11-08 17:42:46,636 INFO 9804 [egg-security] use csrf middleware
2018-11-08 17:42:46,637 INFO 9804 [egg-security] use methodnoallow middleware
2018-11-08 17:42:46,637 INFO 9804 [egg-security] use noopen middleware
2018-11-08 17:42:46,638 INFO 9804 [egg-security] use nosniff middleware
2018-11-08 17:42:46,638 INFO 9804 [egg-security] use xssProtection middleware
2018-11-08 17:42:46,639 INFO 9804 [egg-security] use xframe middleware
2018-11-08 17:42:46,639 INFO 9804 [egg-security] use dta middleware
2018-11-08 17:42:46,639 INFO 9804 [egg-security] compose 7 middlewares into one security middleware
2018-11-08 17:42:46,652 INFO 9804 [egg:core] dump config after load, 7ms
2018-11-08 17:42:46,667 INFO 9804 [egg-watcher:application] watcher start success
2018-11-08 17:42:46,678 INFO 9804 [egg:core] dump config after ready, 9ms
2018-11-08 17:46:13,085 INFO 10071 [egg:logger] init all loggers with options: {"dir":"/Users/beata/rrj/me/egg1/logs/egg1","encoding":"utf8","env":"local","level":"INFO","consoleLevel":"INFO","disableConsoleAfterReady":false,"outputJSON":false,"buffer":true,"appLogName":"egg1-web.log","coreLogName":"egg-web.log","agentLogName":"egg-agent.log","errorLogName":"common-error.log","coreLogger":{"consoleLevel":"WARN"},"allowDebugAtProd":false,"type":"application"}
2018-11-08 17:46:13,128 INFO 10071 [egg-schedule]: register schedule /Users/beata/rrj/me/egg1/node_modules/egg-logrotator/app/schedule/clean_log.js
2018-11-08 17:46:13,128 INFO 10071 [egg-schedule]: register schedule /Users/beata/rrj/me/egg1/node_modules/egg-logrotator/app/schedule/rotate_by_file.js
2018-11-08 17:46:13,128 INFO 10071 [egg-multipart] stream mode enable
2018-11-08 17:46:13,190 INFO 10071 [egg-static] starting static serve /public/ -> /Users/beata/rrj/me/egg1/app/public
2018-11-08 17:46:13,193 INFO 10071 [egg-security] use csrf middleware
2018-11-08 17:46:13,194 INFO 10071 [egg-security] use methodnoallow middleware
2018-11-08 17:46:13,194 INFO 10071 [egg-security] use noopen middleware
2018-11-08 17:46:13,195 INFO 10071 [egg-security] use nosniff middleware
2018-11-08 17:46:13,195 INFO 10071 [egg-security] use xssProtection middleware
2018-11-08 17:46:13,195 INFO 10071 [egg-security] use xframe middleware
2018-11-08 17:46:13,196 INFO 10071 [egg-security] use dta middleware
2018-11-08 17:46:13,196 INFO 10071 [egg-security] compose 7 middlewares into one security middleware
2018-11-08 17:46:13,207 INFO 10071 [egg:core] dump config after load, 5ms
2018-11-08 17:46:13,226 INFO 10071 [egg-watcher:application] watcher start success
2018-11-08 17:46:13,233 INFO 10071 [egg:core] dump config after ready, 4ms
2018-11-08 17:46:16,646 INFO 10076 [egg:logger] init all loggers with options: {"dir":"/Users/beata/rrj/me/egg1/logs/egg1","encoding":"utf8","env":"local","level":"INFO","consoleLevel":"INFO","disableConsoleAfterReady":false,"outputJSON":false,"buffer":true,"appLogName":"egg1-web.log","coreLogName":"egg-web.log","agentLogName":"egg-agent.log","errorLogName":"common-error.log","coreLogger":{"consoleLevel":"WARN"},"allowDebugAtProd":false,"type":"application"}
2018-11-08 17:46:16,695 INFO 10076 [egg-schedule]: register schedule /Users/beata/rrj/me/egg1/node_modules/egg-logrotator/app/schedule/clean_log.js
2018-11-08 17:46:16,695 INFO 10076 [egg-schedule]: register schedule /Users/beata/rrj/me/egg1/node_modules/egg-logrotator/app/schedule/rotate_by_file.js
2018-11-08 17:46:16,696 INFO 10076 [egg-multipart] stream mode enable
2018-11-08 17:46:16,769 INFO 10076 [egg-static] starting static serve /public/ -> /Users/beata/rrj/me/egg1/app/public
2018-11-08 17:46:16,772 INFO 10076 [egg-security] use csrf middleware
2018-11-08 17:46:16,772 INFO 10076 [egg-security] use methodnoallow middleware
2018-11-08 17:46:16,773 INFO 10076 [egg-security] use noopen middleware
2018-11-08 17:46:16,773 INFO 10076 [egg-security] use nosniff middleware
2018-11-08 17:46:16,774 INFO 10076 [egg-security] use xssProtection middleware
2018-11-08 17:46:16,774 INFO 10076 [egg-security] use xframe middleware
2018-11-08 17:46:16,774 INFO 10076 [egg-security] use dta middleware
2018-11-08 17:46:16,774 INFO 10076 [egg-security] compose 7 middlewares into one security middleware
2018-11-08 17:46:16,785 INFO 10076 [egg:core] dump config after load, 5ms
2018-11-08 17:46:16,798 INFO 10076 [egg-watcher:application] watcher start success
2018-11-08 17:46:16,805 INFO 10076 [egg:core] dump config after ready, 4ms
2018-11-08 17:46:31,074 INFO 10096 [egg:logger] init all loggers with options: {"dir":"/Users/beata/rrj/me/egg1/logs/egg1","encoding":"utf8","env":"local","level":"INFO","consoleLevel":"INFO","disableConsoleAfterReady":false,"outputJSON":false,"buffer":true,"appLogName":"egg1-web.log","coreLogName":"egg-web.log","agentLogName":"egg-agent.log","errorLogName":"common-error.log","coreLogger":{"consoleLevel":"WARN"},"allowDebugAtProd":false,"type":"application"}
2018-11-08 17:46:31,114 INFO 10096 [egg-schedule]: register schedule /Users/beata/rrj/me/egg1/node_modules/egg-logrotator/app/schedule/clean_log.js
2018-11-08 17:46:31,114 INFO 10096 [egg-schedule]: register schedule /Users/beata/rrj/me/egg1/node_modules/egg-logrotator/app/schedule/rotate_by_file.js
2018-11-08 17:46:31,115 INFO 10096 [egg-multipart] stream mode enable
2018-11-08 17:46:31,174 INFO 10096 [egg-static] starting static serve /public/ -> /Users/beata/rrj/me/egg1/app/public
2018-11-08 17:46:31,177 INFO 10096 [egg-security] use csrf middleware
2018-11-08 17:46:31,178 INFO 10096 [egg-security] use methodnoallow middleware
2018-11-08 17:46:31,178 INFO 10096 [egg-security] use noopen middleware
2018-11-08 17:46:31,179 INFO 10096 [egg-security] use nosniff middleware
2018-11-08 17:46:31,179 INFO 10096 [egg-security] use xssProtection middleware
2018-11-08 17:46:31,180 INFO 10096 [egg-security] use xframe middleware
2018-11-08 17:46:31,180 INFO 10096 [egg-security] use dta middleware
2018-11-08 17:46:31,180 INFO 10096 [egg-security] compose 7 middlewares into one security middleware
2018-11-08 17:46:31,190 INFO 10096 [egg:core] dump config after load, 5ms
2018-11-08 17:46:31,203 INFO 10096 [egg-watcher:application] watcher start success
2018-11-08 17:46:31,209 INFO 10096 [egg:core] dump config after ready, 4ms
2018-11-08 17:46:32,638 INFO 10099 [egg:logger] init all loggers with options: {"dir":"/Users/beata/rrj/me/egg1/logs/egg1","encoding":"utf8","env":"local","level":"INFO","consoleLevel":"INFO","disableConsoleAfterReady":false,"outputJSON":false,"buffer":true,"appLogName":"egg1-web.log","coreLogName":"egg-web.log","agentLogName":"egg-agent.log","errorLogName":"common-error.log","coreLogger":{"consoleLevel":"WARN"},"allowDebugAtProd":false,"type":"application"}
2018-11-08 17:46:32,678 INFO 10099 [egg-schedule]: register schedule /Users/beata/rrj/me/egg1/node_modules/egg-logrotator/app/schedule/clean_log.js
2018-11-08 17:46:32,678 INFO 10099 [egg-schedule]: register schedule /Users/beata/rrj/me/egg1/node_modules/egg-logrotator/app/schedule/rotate_by_file.js
2018-11-08 17:46:32,678 INFO 10099 [egg-multipart] stream mode enable
2018-11-08 17:46:32,753 INFO 10099 [egg-static] starting static serve /public/ -> /Users/beata/rrj/me/egg1/app/public
2018-11-08 17:46:32,756 INFO 10099 [egg-security] use csrf middleware
2018-11-08 17:46:32,757 INFO 10099 [egg-security] use methodnoallow middleware
2018-11-08 17:46:32,757 INFO 10099 [egg-security] use noopen middleware
2018-11-08 17:46:32,758 INFO 10099 [egg-security] use nosniff middleware
2018-11-08 17:46:32,758 INFO 10099 [egg-security] use xssProtection middleware
2018-11-08 17:46:32,758 INFO 10099 [egg-security] use xframe middleware
2018-11-08 17:46:32,759 INFO 10099 [egg-security] use dta middleware
2018-11-08 17:46:32,759 INFO 10099 [egg-security] compose 7 middlewares into one security middleware
2018-11-08 17:46:32,771 INFO 10099 [egg:core] dump config after load, 7ms
2018-11-08 17:46:32,789 INFO 10099 [egg-watcher:application] watcher start success
2018-11-08 17:46:32,796 INFO 10099 [egg:core] dump config after ready, 4ms
2018-11-08 17:46:47,092 INFO 10099 [egg-view-nunjucks] loading templates from ["/Users/beata/rrj/me/egg1/app/view"]
2018-11-08 17:48:12,433 INFO 10235 [egg:logger] init all loggers with options: {"dir":"/Users/beata/rrj/me/egg1/logs/egg1","encoding":"utf8","env":"local","level":"INFO","consoleLevel":"INFO","disableConsoleAfterReady":false,"outputJSON":false,"buffer":true,"appLogName":"egg1-web.log","coreLogName":"egg-web.log","agentLogName":"egg-agent.log","errorLogName":"common-error.log","coreLogger":{"consoleLevel":"WARN"},"allowDebugAtProd":false,"type":"application"}
2018-11-08 17:48:12,473 INFO 10235 [egg-schedule]: register schedule /Users/beata/rrj/me/egg1/node_modules/egg-logrotator/app/schedule/clean_log.js
2018-11-08 17:48:12,473 INFO 10235 [egg-schedule]: register schedule /Users/beata/rrj/me/egg1/node_modules/egg-logrotator/app/schedule/rotate_by_file.js
2018-11-08 17:48:12,474 INFO 10235 [egg-multipart] stream mode enable
2018-11-08 17:48:12,530 INFO 10235 [egg-static] starting static serve /public/ -> /Users/beata/rrj/me/egg1/app/public
2018-11-08 17:48:12,533 INFO 10235 [egg-security] use csrf middleware
2018-11-08 17:48:12,534 INFO 10235 [egg-security] use methodnoallow middleware
2018-11-08 17:48:12,534 INFO 10235 [egg-security] use noopen middleware
2018-11-08 17:48:12,535 INFO 10235 [egg-security] use nosniff middleware
2018-11-08 17:48:12,535 INFO 10235 [egg-security] use xssProtection middleware
2018-11-08 17:48:12,536 INFO 10235 [egg-security] use xframe middleware
2018-11-08 17:48:12,536 INFO 10235 [egg-security] use dta middleware
2018-11-08 17:48:12,536 INFO 10235 [egg-security] compose 7 middlewares into one security middleware
2018-11-08 17:48:12,546 INFO 10235 [egg:core] dump config after load, 6ms
2018-11-08 17:48:12,559 INFO 10235 [egg-watcher:application] watcher start success
2018-11-08 17:48:12,566 INFO 10235 [egg:core] dump config after ready, 4ms
2018-11-08 17:48:40,267 INFO 10235 [egg-view-nunjucks] loading templates from ["/Users/beata/rrj/me/egg1/app/view"]
2018-11-08 19:30:11,697 WARN 10235 [ClusterClient:Watcher] follower closed, and try to init it again
2018-11-08 21:31:08,251 WARN 10235 [ClusterClient:Watcher] follower closed, and try to init it again
2018-11-08 23:32:02,367 WARN 10235 [TCPBase] socket is closed by other side while there were still unhandled data in the socket buffer
2018-11-08 23:32:02,367 WARN 10235 [ClusterClient:Watcher] follower closed, and try to init it again
2018-11-09 01:32:38,445 WARN 10235 [TCPBase] socket is closed by other side while there were still unhandled data in the socket buffer
2018-11-09 01:32:38,445 WARN 10235 [ClusterClient:Watcher] follower closed, and try to init it again
2018-11-09 03:33:33,247 WARN 10235 [TCPBase] socket is closed by other side while there were still unhandled data in the socket buffer
2018-11-09 03:33:33,248 WARN 10235 [ClusterClient:Watcher] follower closed, and try to init it again
2018-11-09 05:34:09,676 WARN 10235 [TCPBase] socket is closed by other side while there were still unhandled data in the socket buffer
2018-11-09 05:34:09,676 WARN 10235 [ClusterClient:Watcher] follower closed, and try to init it again
2018-11-09 07:35:04,234 WARN 10235 [TCPBase] socket is closed by other side while there were still unhandled data in the socket buffer
2018-11-09 07:35:04,234 WARN 10235 [ClusterClient:Watcher] follower closed, and try to init it again
2018-11-09 09:35:39,618 WARN 10235 [ClusterClient:Watcher] follower closed, and try to init it again
2018-11-09 11:26:17,559 WARN 10235 [ClusterClient:Watcher] follower closed, and try to init it again
2018-11-09 11:28:34,918 INFO 14254 [egg:logger] init all loggers with options: {"dir":"/Users/beata/rrj/me/egg1/logs/egg1","encoding":"utf8","env":"local","level":"INFO","consoleLevel":"INFO","disableConsoleAfterReady":false,"outputJSON":false,"buffer":true,"appLogName":"egg1-web.log","coreLogName":"egg-web.log","agentLogName":"egg-agent.log","errorLogName":"common-error.log","coreLogger":{"consoleLevel":"WARN"},"allowDebugAtProd":false,"type":"application"}
2018-11-09 11:28:34,961 INFO 14254 [egg-schedule]: register schedule /Users/beata/rrj/me/egg1/node_modules/egg-logrotator/app/schedule/clean_log.js
2018-11-09 11:28:34,961 INFO 14254 [egg-schedule]: register schedule /Users/beata/rrj/me/egg1/node_modules/egg-logrotator/app/schedule/rotate_by_file.js
2018-11-09 11:28:34,962 INFO 14254 [egg-multipart] stream mode enable
2018-11-09 11:28:35,037 INFO 14254 [egg-static] starting static serve /public/ -> /Users/beata/rrj/me/egg1/app/public
2018-11-09 11:28:35,042 INFO 14254 [egg-security] use csrf middleware
2018-11-09 11:28:35,043 INFO 14254 [egg-security] use methodnoallow middleware
2018-11-09 11:28:35,044 INFO 14254 [egg-security] use noopen middleware
2018-11-09 11:28:35,045 INFO 14254 [egg-security] use nosniff middleware
2018-11-09 11:28:35,046 INFO 14254 [egg-security] use xssProtection middleware
2018-11-09 11:28:35,046 INFO 14254 [egg-security] use xframe middleware
2018-11-09 11:28:35,046 INFO 14254 [egg-security] use dta middleware
2018-11-09 11:28:35,046 INFO 14254 [egg-security] compose 7 middlewares into one security middleware
2018-11-09 11:28:35,060 INFO 14254 [egg:core] dump config after load, 9ms
2018-11-09 11:28:35,074 INFO 14254 [egg-watcher:application] watcher start success
2018-11-09 11:28:35,081 INFO 14254 [egg:core] dump config after ready, 5ms
2018-11-09 11:28:43,860 INFO 14254 [egg-view-nunjucks] loading templates from ["/Users/beata/rrj/me/egg1/app/view"]
2018-11-09 11:29:17,164 INFO 14309 [egg:logger] init all loggers with options: {"dir":"/Users/beata/rrj/me/egg1/logs/egg1","encoding":"utf8","env":"local","level":"INFO","consoleLevel":"INFO","disableConsoleAfterReady":false,"outputJSON":false,"buffer":true,"appLogName":"egg1-web.log","coreLogName":"egg-web.log","agentLogName":"egg-agent.log","errorLogName":"common-error.log","coreLogger":{"consoleLevel":"WARN"},"allowDebugAtProd":false,"type":"application"}
2018-11-09 11:29:17,240 INFO 14309 [egg-schedule]: register schedule /Users/beata/rrj/me/egg1/node_modules/egg-logrotator/app/schedule/clean_log.js
2018-11-09 11:29:17,240 INFO 14309 [egg-schedule]: register schedule /Users/beata/rrj/me/egg1/node_modules/egg-logrotator/app/schedule/rotate_by_file.js
2018-11-09 11:29:17,241 INFO 14309 [egg-multipart] stream mode enable
2018-11-09 11:29:17,313 INFO 14309 [egg-static] starting static serve /public/ -> /Users/beata/rrj/me/egg1/app/public
2018-11-09 11:29:17,317 INFO 14309 [egg-security] use csrf middleware
2018-11-09 11:29:17,318 INFO 14309 [egg-security] use methodnoallow middleware
2018-11-09 11:29:17,318 INFO 14309 [egg-security] use noopen middleware
2018-11-09 11:29:17,319 INFO 14309 [egg-security] use nosniff middleware
2018-11-09 11:29:17,319 INFO 14309 [egg-security] use xssProtection middleware
2018-11-09 11:29:17,319 INFO 14309 [egg-security] use xframe middleware
2018-11-09 11:29:17,320 INFO 14309 [egg-security] use dta middleware
2018-11-09 11:29:17,320 INFO 14309 [egg-security] compose 7 middlewares into one security middleware
2018-11-09 11:29:17,333 INFO 14309 [egg:core] dump config after load, 8ms
2018-11-09 11:29:17,348 INFO 14309 [egg-watcher:application] watcher start success
2018-11-09 11:29:17,355 INFO 14309 [egg:core] dump config after ready, 4ms
2018-11-09 11:29:21,089 INFO 14309 [egg-view-nunjucks] loading templates from ["/Users/beata/rrj/me/egg1/app/view"]
2018-11-09 11:29:30,256 INFO 14331 [egg:logger] init all loggers with options: {"dir":"/Users/beata/rrj/me/egg1/logs/egg1","encoding":"utf8","env":"local","level":"INFO","consoleLevel":"INFO","disableConsoleAfterReady":false,"outputJSON":false,"buffer":true,"appLogName":"egg1-web.log","coreLogName":"egg-web.log","agentLogName":"egg-agent.log","errorLogName":"common-error.log","coreLogger":{"consoleLevel":"WARN"},"allowDebugAtProd":false,"type":"application"}
2018-11-09 11:29:30,294 INFO 14331 [egg-schedule]: register schedule /Users/beata/rrj/me/egg1/node_modules/egg-logrotator/app/schedule/clean_log.js
2018-11-09 11:29:30,294 INFO 14331 [egg-schedule]: register schedule /Users/beata/rrj/me/egg1/node_modules/egg-logrotator/app/schedule/rotate_by_file.js
2018-11-09 11:29:30,295 INFO 14331 [egg-multipart] stream mode enable
2018-11-09 11:29:30,341 INFO 14331 [egg-static] starting static serve /public/ -> /Users/beata/rrj/me/egg1/app/public
2018-11-09 11:29:30,345 INFO 14331 [egg-security] use csrf middleware
2018-11-09 11:29:30,345 INFO 14331 [egg-security] use methodnoallow middleware
2018-11-09 11:29:30,346 INFO 14331 [egg-security] use noopen middleware
2018-11-09 11:29:30,346 INFO 14331 [egg-security] use nosniff middleware
2018-11-09 11:29:30,347 INFO 14331 [egg-security] use xssProtection middleware
2018-11-09 11:29:30,347 INFO 14331 [egg-security] use xframe middleware
2018-11-09 11:29:30,347 INFO 14331 [egg-security] use dta middleware
2018-11-09 11:29:30,347 INFO 14331 [egg-security] compose 7 middlewares into one security middleware
2018-11-09 11:29:30,358 INFO 14331 [egg:core] dump config after load, 6ms
2018-11-09 11:29:30,374 INFO 14331 [egg-watcher:application] watcher start success
2018-11-09 11:29:30,380 INFO 14331 [egg:core] dump config after ready, 4ms
2018-11-09 11:29:35,631 INFO 14331 [egg-view-nunjucks] loading templates from ["/Users/beata/rrj/me/egg1/app/view"]
2018-11-09 11:29:49,552 INFO 14357 [egg:logger] init all loggers with options: {"dir":"/Users/beata/rrj/me/egg1/logs/egg1","encoding":"utf8","env":"local","level":"INFO","consoleLevel":"INFO","disableConsoleAfterReady":false,"outputJSON":false,"buffer":true,"appLogName":"egg1-web.log","coreLogName":"egg-web.log","agentLogName":"egg-agent.log","errorLogName":"common-error.log","coreLogger":{"consoleLevel":"WARN"},"allowDebugAtProd":false,"type":"application"}
2018-11-09 11:29:49,592 INFO 14357 [egg-schedule]: register schedule /Users/beata/rrj/me/egg1/node_modules/egg-logrotator/app/schedule/clean_log.js
2018-11-09 11:29:49,592 INFO 14357 [egg-schedule]: register schedule /Users/beata/rrj/me/egg1/node_modules/egg-logrotator/app/schedule/rotate_by_file.js
2018-11-09 11:29:49,592 INFO 14357 [egg-multipart] stream mode enable
2018-11-09 11:29:49,648 INFO 14357 [egg-static] starting static serve /public/ -> /Users/beata/rrj/me/egg1/app/public
2018-11-09 11:29:49,650 INFO 14357 [egg-security] use csrf middleware
2018-11-09 11:29:49,651 INFO 14357 [egg-security] use methodnoallow middleware
2018-11-09 11:29:49,652 INFO 14357 [egg-security] use noopen middleware
2018-11-09 11:29:49,652 INFO 14357 [egg-security] use nosniff middleware
2018-11-09 11:29:49,653 INFO 14357 [egg-security] use xssProtection middleware
2018-11-09 11:29:49,653 INFO 14357 [egg-security] use xframe middleware
2018-11-09 11:29:49,653 INFO 14357 [egg-security] use dta middleware
2018-11-09 11:29:49,653 INFO 14357 [egg-security] compose 7 middlewares into one security middleware
2018-11-09 11:29:49,663 INFO 14357 [egg:core] dump config after load, 5ms
2018-11-09 11:29:49,677 INFO 14357 [egg-watcher:application] watcher start success
2018-11-09 11:29:49,683 INFO 14357 [egg:core] dump config after ready, 4ms
2018-11-09 11:30:12,784 INFO 14391 [egg:logger] init all loggers with options: {"dir":"/Users/beata/rrj/me/egg1/logs/egg1","encoding":"utf8","env":"local","level":"INFO","consoleLevel":"INFO","disableConsoleAfterReady":false,"outputJSON":false,"buffer":true,"appLogName":"egg1-web.log","coreLogName":"egg-web.log","agentLogName":"egg-agent.log","errorLogName":"common-error.log","coreLogger":{"consoleLevel":"WARN"},"allowDebugAtProd":false,"type":"application"}
2018-11-09 11:30:12,823 INFO 14391 [egg-schedule]: register schedule /Users/beata/rrj/me/egg1/node_modules/egg-logrotator/app/schedule/clean_log.js
2018-11-09 11:30:12,823 INFO 14391 [egg-schedule]: register schedule /Users/beata/rrj/me/egg1/node_modules/egg-logrotator/app/schedule/rotate_by_file.js
2018-11-09 11:30:12,824 INFO 14391 [egg-multipart] stream mode enable
2018-11-09 11:30:12,879 INFO 14391 [egg-static] starting static serve /public/ -> /Users/beata/rrj/me/egg1/app/public
2018-11-09 11:30:12,882 INFO 14391 [egg-security] use csrf middleware
2018-11-09 11:30:12,883 INFO 14391 [egg-security] use methodnoallow middleware
2018-11-09 11:30:12,883 INFO 14391 [egg-security] use noopen middleware
2018-11-09 11:30:12,884 INFO 14391 [egg-security] use nosniff middleware
2018-11-09 11:30:12,884 INFO 14391 [egg-security] use xssProtection middleware
2018-11-09 11:30:12,885 INFO 14391 [egg-security] use xframe middleware
2018-11-09 11:30:12,885 INFO 14391 [egg-security] use dta middleware
2018-11-09 11:30:12,885 INFO 14391 [egg-security] compose 7 middlewares into one security middleware
2018-11-09 11:30:12,896 INFO 14391 [egg:core] dump config after load, 6ms
2018-11-09 11:30:12,910 INFO 14391 [egg-watcher:application] watcher start success
2018-11-09 11:30:12,918 INFO 14391 [egg:core] dump config after ready, 5ms
2018-11-09 11:30:15,662 INFO 14395 [egg:logger] init all loggers with options: {"dir":"/Users/beata/rrj/me/egg1/logs/egg1","encoding":"utf8","env":"local","level":"INFO","consoleLevel":"INFO","disableConsoleAfterReady":false,"outputJSON":false,"buffer":true,"appLogName":"egg1-web.log","coreLogName":"egg-web.log","agentLogName":"egg-agent.log","errorLogName":"common-error.log","coreLogger":{"consoleLevel":"WARN"},"allowDebugAtProd":false,"type":"application"}
2018-11-09 11:30:15,708 INFO 14395 [egg-schedule]: register schedule /Users/beata/rrj/me/egg1/node_modules/egg-logrotator/app/schedule/clean_log.js
2018-11-09 11:30:15,709 INFO 14395 [egg-schedule]: register schedule /Users/beata/rrj/me/egg1/node_modules/egg-logrotator/app/schedule/rotate_by_file.js
2018-11-09 11:30:15,709 INFO 14395 [egg-multipart] stream mode enable
2018-11-09 11:30:15,757 INFO 14395 [egg-static] starting static serve /public/ -> /Users/beata/rrj/me/egg1/app/public
2018-11-09 11:30:15,760 INFO 14395 [egg-security] use csrf middleware
2018-11-09 11:30:15,761 INFO 14395 [egg-security] use methodnoallow middleware
2018-11-09 11:30:15,761 INFO 14395 [egg-security] use noopen middleware
2018-11-09 11:30:15,761 INFO 14395 [egg-security] use nosniff middleware
2018-11-09 11:30:15,762 INFO 14395 [egg-security] use xssProtection middleware
2018-11-09 11:30:15,762 INFO 14395 [egg-security] use xframe middleware
2018-11-09 11:30:15,762 INFO 14395 [egg-security] use dta middleware
2018-11-09 11:30:15,762 INFO 14395 [egg-security] compose 7 middlewares into one security middleware
2018-11-09 11:30:15,772 INFO 14395 [egg:core] dump config after load, 5ms
2018-11-09 11:30:15,786 INFO 14395 [egg-watcher:application] watcher start success
2018-11-09 11:30:15,792 INFO 14395 [egg:core] dump config after ready, 4ms
2018-11-09 11:30:26,404 INFO 14395 [egg-view-nunjucks] loading templates from ["/Users/beata/rrj/me/egg1/app/view"]
